<?xml version="1.0" encoding="UTF-8"?>
<!-- Generated by org.testng.reporters.JUnitReportReporter -->
<testsuite skipped="0" hostname="Don-pc" name="script.ValidLogin" tests="1" failures="0" timestamp="14 Mar 2018 16:27:10 GMT" time="71.753" errors="0">
  <testcase name="testValidLogin" time="71.753" classname="script.ValidLogin"/>
</testsuite> <!-- script.ValidLogin -->
