<?xml version="1.0" encoding="UTF-8"?>
<!-- Generated by org.testng.reporters.JUnitReportReporter -->
<testsuite skipped="0" hostname="Don-pc" name="script.CheckProductVersion" tests="1" failures="0" timestamp="14 Mar 2018 16:31:42 GMT" time="60.261" errors="0">
  <testcase name="testCheckProductVersion" time="60.261" classname="script.CheckProductVersion"/>
</testsuite> <!-- script.CheckProductVersion -->
