<?xml version="1.0" encoding="UTF-8"?>
<!-- Generated by org.testng.reporters.JUnitReportReporter -->
<testsuite skipped="0" hostname="Don-pc" name="script.InvalidLogin" tests="1" failures="0" timestamp="14 Mar 2018 16:27:10 GMT" time="19.228" errors="0">
  <testcase name="testInValidLogin" time="19.228" classname="script.InvalidLogin"/>
</testsuite> <!-- script.InvalidLogin -->
